2019-11-28 12:47:28 INFO[0m main.go: 27:  [Starting application...]
2019-11-28 12:47:28 INFO[0m main.go: 9:  [Server: 0 runnning at localhost:12345]
2019-11-28 12:47:28 INFO[0m main.go: 9:  [Server: 1 runnning at localhost:12344]
[36m2019-11-28 12:47:28 DEBUG[0m main.go: 10: Server Details: http.Server{Addr:"localhost:12345", Handler:(*mux.Router)(0xc00012e240), TLSConfig:(*tls.Config)(nil), ReadTimeout:0, ReadHeaderTimeout:0, WriteTimeout:0, IdleTimeout:0, MaxHeaderBytes:0, TLSNextProto:map[string]func(*http.Server, *tls.Conn, http.Handler)(nil), ConnState:(func(net.Conn, http.ConnState))(nil), ErrorLog:(*log.Logger)(nil), disableKeepAlives:0, inShutdown:0, nextProtoOnce:sync.Once{m:sync.Mutex{state:0, sema:0x0}, done:0x0}, nextProtoErr:error(nil), mu:sync.Mutex{state:0, sema:0x0}, listeners:map[*net.Listener]struct {}(nil), activeConn:map[*http.conn]struct {}(nil), doneChan:(chan struct {})(nil), onShutdown:[]func()(nil)}
[36m2019-11-28 12:47:28 DEBUG[0m main.go: 10: Server Details: http.Server{Addr:"localhost:12344", Handler:(*mux.Router)(0xc00012e300), TLSConfig:(*tls.Config)(nil), ReadTimeout:0, ReadHeaderTimeout:0, WriteTimeout:0, IdleTimeout:0, MaxHeaderBytes:0, TLSNextProto:map[string]func(*http.Server, *tls.Conn, http.Handler)(nil), ConnState:(func(net.Conn, http.ConnState))(nil), ErrorLog:(*log.Logger)(nil), disableKeepAlives:0, inShutdown:0, nextProtoOnce:sync.Once{m:sync.Mutex{state:0, sema:0x0}, done:0x0}, nextProtoErr:error(nil), mu:sync.Mutex{state:0, sema:0x0}, listeners:map[*net.Listener]struct {}(nil), activeConn:map[*http.conn]struct {}(nil), doneChan:(chan struct {})(nil), onShutdown:[]func()(nil)}
2019-11-28 12:47:28 INFO[0m main.go: 9:  [Server: 2 runnning at localhost:54333]
[36m2019-11-28 12:47:28 DEBUG[0m main.go: 10: Server Details: http.Server{Addr:"localhost:54333", Handler:(*mux.Router)(0xc00012e3c0), TLSConfig:(*tls.Config)(nil), ReadTimeout:0, ReadHeaderTimeout:0, WriteTimeout:0, IdleTimeout:0, MaxHeaderBytes:0, TLSNextProto:map[string]func(*http.Server, *tls.Conn, http.Handler)(nil), ConnState:(func(net.Conn, http.ConnState))(nil), ErrorLog:(*log.Logger)(nil), disableKeepAlives:0, inShutdown:0, nextProtoOnce:sync.Once{m:sync.Mutex{state:0, sema:0x0}, done:0x0}, nextProtoErr:error(nil), mu:sync.Mutex{state:0, sema:0x0}, listeners:map[*net.Listener]struct {}(nil), activeConn:map[*http.conn]struct {}(nil), doneChan:(chan struct {})(nil), onShutdown:[]func()(nil)}
2019-11-28 12:55:43 INFO[0m main.go: 27:  [Starting application...]
2019-11-28 12:55:43 INFO[0m main.go: 9:  [Server: 0 runnning at localhost:12345]
2019-11-28 12:55:43 INFO[0m main.go: 9:  [Server: 1 runnning at localhost:12344]
2019-11-28 12:55:43 INFO[0m main.go: 9:  [Server: 2 runnning at localhost:54333]
[36m2019-11-28 12:55:43 DEBUG[0m main.go: 10: Server Details: http.Server{Addr:"localhost:12345", Handler:(*mux.Router)(0xc000116240), TLSConfig:(*tls.Config)(nil), ReadTimeout:0, ReadHeaderTimeout:0, WriteTimeout:0, IdleTimeout:0, MaxHeaderBytes:0, TLSNextProto:map[string]func(*http.Server, *tls.Conn, http.Handler)(nil), ConnState:(func(net.Conn, http.ConnState))(nil), ErrorLog:(*log.Logger)(nil), disableKeepAlives:0, inShutdown:0, nextProtoOnce:sync.Once{m:sync.Mutex{state:0, sema:0x0}, done:0x0}, nextProtoErr:error(nil), mu:sync.Mutex{state:0, sema:0x0}, listeners:map[*net.Listener]struct {}(nil), activeConn:map[*http.conn]struct {}(nil), doneChan:(chan struct {})(nil), onShutdown:[]func()(nil)}
[36m2019-11-28 12:55:43 DEBUG[0m main.go: 10: Server Details: http.Server{Addr:"localhost:12344", Handler:(*mux.Router)(0xc000116300), TLSConfig:(*tls.Config)(nil), ReadTimeout:0, ReadHeaderTimeout:0, WriteTimeout:0, IdleTimeout:0, MaxHeaderBytes:0, TLSNextProto:map[string]func(*http.Server, *tls.Conn, http.Handler)(nil), ConnState:(func(net.Conn, http.ConnState))(nil), ErrorLog:(*log.Logger)(nil), disableKeepAlives:0, inShutdown:0, nextProtoOnce:sync.Once{m:sync.Mutex{state:0, sema:0x0}, done:0x0}, nextProtoErr:error(nil), mu:sync.Mutex{state:0, sema:0x0}, listeners:map[*net.Listener]struct {}(nil), activeConn:map[*http.conn]struct {}(nil), doneChan:(chan struct {})(nil), onShutdown:[]func()(nil)}
[36m2019-11-28 12:55:43 DEBUG[0m main.go: 10: Server Details: http.Server{Addr:"localhost:54333", Handler:(*mux.Router)(0xc0001163c0), TLSConfig:(*tls.Config)(nil), ReadTimeout:0, ReadHeaderTimeout:0, WriteTimeout:0, IdleTimeout:0, MaxHeaderBytes:0, TLSNextProto:map[string]func(*http.Server, *tls.Conn, http.Handler)(nil), ConnState:(func(net.Conn, http.ConnState))(nil), ErrorLog:(*log.Logger)(nil), disableKeepAlives:0, inShutdown:0, nextProtoOnce:sync.Once{m:sync.Mutex{state:0, sema:0x0}, done:0x0}, nextProtoErr:error(nil), mu:sync.Mutex{state:0, sema:0x0}, listeners:map[*net.Listener]struct {}(nil), activeConn:map[*http.conn]struct {}(nil), doneChan:(chan struct {})(nil), onShutdown:[]func()(nil)}
[36m2019-11-28 12:57:16 DEBUG[0m vendor/router/connect.go: 25:  [Client details: {0xc00023a600}]
[31m2019-11-28 12:57:16 ERROR[0m vendor/router/connect.go: 27:  [Error found while connecting to mongo client: server selection error: server selection timeout, current topology: { Type: Unknown, Servers: [{ Addr: localhost:27017, Type: Unknown, State: Connected, Average RTT: 0, Last error: connection() : dial tcp 127.0.0.1:27017: connect: connection refused }, ] }]
[36m2019-11-28 12:57:35 DEBUG[0m vendor/router/connect.go: 25:  [Client details: {0xc000238600}]
[31m2019-11-28 12:57:35 ERROR[0m vendor/router/connect.go: 27:  [Error found while connecting to mongo client: server selection error: server selection timeout, current topology: { Type: Unknown, Servers: [{ Addr: localhost:27017, Type: Unknown, State: Connected, Average RTT: 0, Last error: connection() : dial tcp 127.0.0.1:27017: connect: connection refused }, ] }]
[36m2019-11-28 12:57:35 DEBUG[0m vendor/router/connect.go: 25:  [Client details: {0xc00023a900}]
[31m2019-11-28 12:57:35 ERROR[0m vendor/router/connect.go: 27:  [Error found while connecting to mongo client: server selection error: server selection timeout, current topology: { Type: Unknown, Servers: [{ Addr: localhost:27017, Type: Unknown, State: Connected, Average RTT: 0, Last error: connection() : dial tcp 127.0.0.1:27017: connect: connection refused }, ] }]
[36m2019-11-28 12:57:36 DEBUG[0m vendor/router/connect.go: 25:  [Client details: {0xc00023ac00}]
[31m2019-11-28 12:57:36 ERROR[0m vendor/router/connect.go: 27:  [Error found while connecting to mongo client: server selection error: server selection timeout, current topology: { Type: Unknown, Servers: [{ Addr: localhost:27017, Type: Unknown, State: Connected, Average RTT: 0, Last error: connection() : dial tcp 127.0.0.1:27017: connect: connection refused }, ] }]
[36m2019-11-28 12:57:36 DEBUG[0m vendor/router/connect.go: 25:  [Client details: {0xc000238900}]
[31m2019-11-28 12:57:36 ERROR[0m vendor/router/connect.go: 27:  [Error found while connecting to mongo client: server selection error: server selection timeout, current topology: { Type: Unknown, Servers: [{ Addr: localhost:27017, Type: Unknown, State: Connected, Average RTT: 0, Last error: connection() : dial tcp 127.0.0.1:27017: connect: connection refused }, ] }]
[36m2019-11-28 12:58:36 DEBUG[0m vendor/router/connect.go: 25:  [Client details: {0xc00023af00}]
[31m2019-11-28 12:58:36 ERROR[0m vendor/router/connect.go: 27:  [Error found while connecting to mongo client: server selection error: server selection timeout, current topology: { Type: Unknown, Servers: [{ Addr: localhost:27017, Type: Unknown, State: Connected, Average RTT: 0, Last error: connection() : dial tcp 127.0.0.1:27017: connect: connection refused }, ] }]
2019-11-28 13:02:57 INFO[0m main.go: 27:  [Starting application...]
2019-11-28 13:02:57 INFO[0m main.go: 9:  [Server: 0 runnning at localhost:12345]
2019-11-28 13:02:57 INFO[0m main.go: 9:  [Server: 1 runnning at localhost:12344]
2019-11-28 13:02:57 INFO[0m main.go: 9:  [Server: 2 runnning at localhost:54333]
[36m2019-11-28 13:02:57 DEBUG[0m main.go: 10: Server Details: http.Server{Addr:"localhost:12345", Handler:(*mux.Router)(0xc000116240), TLSConfig:(*tls.Config)(nil), ReadTimeout:0, ReadHeaderTimeout:0, WriteTimeout:0, IdleTimeout:0, MaxHeaderBytes:0, TLSNextProto:map[string]func(*http.Server, *tls.Conn, http.Handler)(nil), ConnState:(func(net.Conn, http.ConnState))(nil), ErrorLog:(*log.Logger)(nil), disableKeepAlives:0, inShutdown:0, nextProtoOnce:sync.Once{m:sync.Mutex{state:0, sema:0x0}, done:0x0}, nextProtoErr:error(nil), mu:sync.Mutex{state:0, sema:0x0}, listeners:map[*net.Listener]struct {}(nil), activeConn:map[*http.conn]struct {}(nil), doneChan:(chan struct {})(nil), onShutdown:[]func()(nil)}
[36m2019-11-28 13:02:57 DEBUG[0m main.go: 10: Server Details: http.Server{Addr:"localhost:12344", Handler:(*mux.Router)(0xc000116300), TLSConfig:(*tls.Config)(nil), ReadTimeout:0, ReadHeaderTimeout:0, WriteTimeout:0, IdleTimeout:0, MaxHeaderBytes:0, TLSNextProto:map[string]func(*http.Server, *tls.Conn, http.Handler)(nil), ConnState:(func(net.Conn, http.ConnState))(nil), ErrorLog:(*log.Logger)(nil), disableKeepAlives:0, inShutdown:0, nextProtoOnce:sync.Once{m:sync.Mutex{state:0, sema:0x0}, done:0x0}, nextProtoErr:error(nil), mu:sync.Mutex{state:0, sema:0x0}, listeners:map[*net.Listener]struct {}(nil), activeConn:map[*http.conn]struct {}(nil), doneChan:(chan struct {})(nil), onShutdown:[]func()(nil)}
[36m2019-11-28 13:02:57 DEBUG[0m main.go: 10: Server Details: http.Server{Addr:"localhost:54333", Handler:(*mux.Router)(0xc0001163c0), TLSConfig:(*tls.Config)(nil), ReadTimeout:0, ReadHeaderTimeout:0, WriteTimeout:0, IdleTimeout:0, MaxHeaderBytes:0, TLSNextProto:map[string]func(*http.Server, *tls.Conn, http.Handler)(nil), ConnState:(func(net.Conn, http.ConnState))(nil), ErrorLog:(*log.Logger)(nil), disableKeepAlives:0, inShutdown:0, nextProtoOnce:sync.Once{m:sync.Mutex{state:0, sema:0x0}, done:0x0}, nextProtoErr:error(nil), mu:sync.Mutex{state:0, sema:0x0}, listeners:map[*net.Listener]struct {}(nil), activeConn:map[*http.conn]struct {}(nil), doneChan:(chan struct {})(nil), onShutdown:[]func()(nil)}
[36m2019-11-28 13:03:31 DEBUG[0m vendor/router/connect.go: 25:  [Client details: {0xc000236600}]
[31m2019-11-28 13:03:31 ERROR[0m vendor/router/connect.go: 27:  [Error found while connecting to mongo client: server selection error: server selection timeout, current topology: { Type: Unknown, Servers: [{ Addr: localhost:27017, Type: Unknown, State: Connected, Average RTT: 0, Last error: connection() : dial tcp 127.0.0.1:27017: connect: connection refused }, ] }]
[36m2019-11-28 13:05:47 DEBUG[0m vendor/router/connect.go: 25:  [Client details: {0xc000236900}]
2019-11-28 13:05:47 INFO[0m vendor/router/connect.go: 30:  [Connection established to mongo server]
[36m2019-11-28 13:06:01 DEBUG[0m vendor/router/connect.go: 25:  [Client details: {0xc00023a600}]
2019-11-28 13:06:01 INFO[0m vendor/router/connect.go: 30:  [Connection established to mongo server]
[36m2019-11-28 13:06:13 DEBUG[0m vendor/router/connect.go: 25:  [Client details: {0xc000238600}]
2019-11-28 13:06:13 INFO[0m vendor/router/connect.go: 30:  [Connection established to mongo server]
2019-11-28 13:09:18 INFO[0m main.go: 27:  [Starting application...]
2019-11-28 13:09:18 INFO[0m main.go: 9:  [Server: 1 runnning at localhost:12344]
2019-11-28 13:09:18 INFO[0m main.go: 9:  [Server: 0 runnning at localhost:12345]
2019-11-28 13:09:18 INFO[0m main.go: 9:  [Server: 2 runnning at localhost:54333]
[36m2019-11-28 13:09:18 DEBUG[0m main.go: 10: Server Details: http.Server{Addr:"localhost:12345", Handler:(*mux.Router)(0xc00012c240), TLSConfig:(*tls.Config)(nil), ReadTimeout:0, ReadHeaderTimeout:0, WriteTimeout:0, IdleTimeout:0, MaxHeaderBytes:0, TLSNextProto:map[string]func(*http.Server, *tls.Conn, http.Handler)(nil), ConnState:(func(net.Conn, http.ConnState))(nil), ErrorLog:(*log.Logger)(nil), disableKeepAlives:0, inShutdown:0, nextProtoOnce:sync.Once{m:sync.Mutex{state:0, sema:0x0}, done:0x0}, nextProtoErr:error(nil), mu:sync.Mutex{state:0, sema:0x0}, listeners:map[*net.Listener]struct {}(nil), activeConn:map[*http.conn]struct {}(nil), doneChan:(chan struct {})(nil), onShutdown:[]func()(nil)}
[36m2019-11-28 13:09:18 DEBUG[0m main.go: 10: Server Details: http.Server{Addr:"localhost:12344", Handler:(*mux.Router)(0xc00012c300), TLSConfig:(*tls.Config)(nil), ReadTimeout:0, ReadHeaderTimeout:0, WriteTimeout:0, IdleTimeout:0, MaxHeaderBytes:0, TLSNextProto:map[string]func(*http.Server, *tls.Conn, http.Handler)(nil), ConnState:(func(net.Conn, http.ConnState))(nil), ErrorLog:(*log.Logger)(nil), disableKeepAlives:0, inShutdown:0, nextProtoOnce:sync.Once{m:sync.Mutex{state:0, sema:0x0}, done:0x0}, nextProtoErr:error(nil), mu:sync.Mutex{state:0, sema:0x0}, listeners:map[*net.Listener]struct {}(nil), activeConn:map[*http.conn]struct {}(nil), doneChan:(chan struct {})(nil), onShutdown:[]func()(nil)}
[36m2019-11-28 13:09:18 DEBUG[0m main.go: 10: Server Details: http.Server{Addr:"localhost:54333", Handler:(*mux.Router)(0xc00012c3c0), TLSConfig:(*tls.Config)(nil), ReadTimeout:0, ReadHeaderTimeout:0, WriteTimeout:0, IdleTimeout:0, MaxHeaderBytes:0, TLSNextProto:map[string]func(*http.Server, *tls.Conn, http.Handler)(nil), ConnState:(func(net.Conn, http.ConnState))(nil), ErrorLog:(*log.Logger)(nil), disableKeepAlives:0, inShutdown:0, nextProtoOnce:sync.Once{m:sync.Mutex{state:0, sema:0x0}, done:0x0}, nextProtoErr:error(nil), mu:sync.Mutex{state:0, sema:0x0}, listeners:map[*net.Listener]struct {}(nil), activeConn:map[*http.conn]struct {}(nil), doneChan:(chan struct {})(nil), onShutdown:[]func()(nil)}
2019-11-28 13:09:39 INFO[0m main.go: 27:  [Starting application...]
2019-11-28 13:09:39 INFO[0m main.go: 9:  [Server: 0 runnning at localhost:12345]
2019-11-28 13:09:39 INFO[0m main.go: 9:  [Server: 1 runnning at localhost:12344]
2019-11-28 13:09:39 INFO[0m main.go: 9:  [Server: 2 runnning at localhost:54333]
2019-11-28 13:09:45 INFO[0m vendor/router/connect.go: 30:  [Connection established to mongo server]
2019-11-28 13:10:15 INFO[0m vendor/router/connect.go: 30:  [Connection established to mongo server]
[31m2019-11-28 13:10:56 ERROR[0m vendor/router/connect.go: 27:  [Error found while connecting to mongo client: server selection error: server selection timeout, current topology: { Type: Unknown, Servers: [{ Addr: localhost:27011, Type: Unknown, State: Connected, Average RTT: 0, Last error: connection() : dial tcp 127.0.0.1:27011: connect: connection refused }, ] }]
2019-11-28 13:32:15 INFO[0m main.go: 27:  [Starting application...]
2019-11-28 13:32:15 INFO[0m main.go: 9:  [Server: 0 runnning at localhost:12345]
2019-11-28 13:32:15 INFO[0m main.go: 9:  [Server: 1 runnning at localhost:12344]
2019-11-28 13:32:15 INFO[0m main.go: 9:  [Server: 2 runnning at localhost:54333]
